{
"/Users/jgluhov/Development/IQOption/src/directives/daterangepicker/index.js":{"path":"/Users/jgluhov/Development/IQOption/src/directives/daterangepicker/index.js","s":{"1":1,"2":1,"3":1,"4":1,"5":1,"6":1,"7":2,"8":1},"b":{"1":[1,1],"2":[2,2]},"f":{"1":2},"fnMap":{"1":{"name":"_interopRequireDefault","line":15,"loc":{"start":{"line":0,"column":0},"end":{"line":0,"column":0},"skip":true},"skip":true}},"statementMap":{"1":{"start":{"line":0,"column":0},"end":{"line":0,"column":0},"skip":true},"2":{"start":{"line":0,"column":0},"end":{"line":0,"column":0},"skip":true},"3":{"start":{"line":0,"column":0},"end":{"line":0,"column":0},"skip":true},"4":{"start":{"line":0,"column":0},"end":{"line":0,"column":0},"skip":true},"5":{"start":{"line":0,"column":0},"end":{"line":0,"column":0},"skip":true},"6":{"start":{"line":0,"column":0},"end":{"line":0,"column":0},"skip":true},"7":{"start":{"line":0,"column":0},"end":{"line":0,"column":0},"skip":true},"8":{"start":{"line":0,"column":0},"end":{"line":0,"column":0},"skip":true}},"branchMap":{"1":{"line":15,"type":"cond-expr","locations":[{"start":{"line":0,"column":0},"end":{"line":0,"column":0},"skip":true},{"start":{"line":0,"column":0},"end":{"line":0,"column":0},"skip":true}]},"2":{"line":15,"type":"binary-expr","locations":[{"start":{"line":0,"column":0},"end":{"line":0,"column":0},"skip":true},{"start":{"line":0,"column":0},"end":{"line":0,"column":0},"skip":true}]}},"code":["import angular from 'angular';","","import daterangepicker from './daterangepicker.directive';","","export default angular.module('directives.daterangepicker', [])","\t.directive('daterangepicker', daterangepicker)","\t.name;",""],"l":{"0":2}},
"/Users/jgluhov/Development/IQOption/src/directives/daterangepicker/daterangepicker.directive.js":{"path":"/Users/jgluhov/Development/IQOption/src/directives/daterangepicker/daterangepicker.directive.js","s":{"1":1,"2":1,"3":1,"4":1,"5":1,"6":1,"7":1,"8":1,"9":0,"10":0,"11":0,"12":0,"13":1},"b":{},"f":{"1":1,"2":1,"3":0},"fnMap":{"1":{"name":"daterangepicker","line":13,"loc":{"start":{"line":6,"column":15},"end":{"line":6,"column":42}}},"2":{"name":"link","line":15,"loc":{"start":{"line":8,"column":1},"end":{"line":8,"column":22}}},"3":{"name":"(anonymous_3)","line":21,"loc":{"start":{"line":14,"column":39},"end":{"line":14,"column":54}}}},"statementMap":{"1":{"start":{"line":0,"column":0},"end":{"line":0,"column":0},"skip":true},"2":{"start":{"line":0,"column":0},"end":{"line":0,"column":0},"skip":true},"3":{"start":{"line":0,"column":0},"end":{"line":0,"column":0},"skip":true},"4":{"start":{"line":6,"column":15},"end":{"line":6,"column":15}},"5":{"start":{"line":8,"column":1},"end":{"line":8,"column":1}},"6":{"start":{"line":9,"column":2},"end":{"line":8,"column":22}},"7":{"start":{"line":10,"column":2},"end":{"line":8,"column":22}},"8":{"start":{"line":14,"column":2},"end":{"line":8,"column":22}},"9":{"start":{"line":15,"column":3},"end":{"line":14,"column":54}},"10":{"start":{"line":16,"column":3},"end":{"line":14,"column":54}},"11":{"start":{"line":18,"column":3},"end":{"line":14,"column":54}},"12":{"start":{"line":20,"column":3},"end":{"line":14,"column":54}},"13":{"start":{"line":24,"column":1},"end":{"line":6,"column":42}}},"branchMap":{},"code":["/*global $*/","import '../../../node_modules/bootstrap-daterangepicker';","/*"," * @returns {{restrict: string}}"," */","export default function daterangepicker() {","","\tfunction link(scope) {","\t\tconst input = document.querySelector('.daterangeinput');","\t\t$(input).daterangepicker({","\t\t\tstartDate: '01/01/2010',","\t\t\tendDate: '02/11/2016'","\t\t});","\t\t$(input).on('apply.daterangepicker', (e, picker) => {","\t\t\tconst startDate = picker.startDate.format('MM/DD/YYYY');","\t\t\tconst endDate = picker.endDate.format('MM/DD/YYYY');","","\t\t\tinput.value = [startDate, endDate].join(' - ');","","\t\t\tscope.$emit('onChangeDate', {startDate, endDate});","\t\t});","\t}","","\treturn {","\t\trestrict: 'E',","\t\tlink,","\t\ttemplate: require('./daterangepicker.jade')()","\t};","","}",""],"l":{"0":1,"6":1,"8":1,"9":1,"10":1,"14":1,"15":0,"16":0,"18":0,"20":0,"24":1}},
"/Users/jgluhov/Development/IQOption/src/directives/highchart/highchart.options.js":{"path":"/Users/jgluhov/Development/IQOption/src/directives/highchart/highchart.options.js","s":{"1":1,"2":1,"3":1,"4":1,"5":2,"6":2,"7":2,"8":2,"9":2,"10":2,"11":1,"12":1,"13":1,"14":1,"15":0,"16":1,"17":1,"18":3,"19":0,"20":1,"21":1,"22":3,"23":3,"24":3,"25":3,"26":3,"27":3,"28":3,"29":1,"30":7,"31":7,"32":7,"33":402,"34":7,"35":1110,"36":7,"37":402,"38":7,"39":1207,"40":1,"41":1},"b":{"1":[2,2],"2":[2,0],"3":[1,0],"4":[0,1],"5":[0,3]},"f":{"1":1,"2":1,"3":1,"4":3,"5":1,"6":3,"7":7,"8":1110,"9":1207},"fnMap":{"1":{"name":"(anonymous_1)","line":7,"loc":{"start":{"line":0,"column":0},"end":{"line":0,"column":0},"skip":true},"skip":true},"2":{"name":"defineProperties","line":7,"loc":{"start":{"line":0,"column":0},"end":{"line":0,"column":0},"skip":true},"skip":true},"3":{"name":"(anonymous_3)","line":7,"loc":{"start":{"line":0,"column":0},"end":{"line":0,"column":0},"skip":true},"skip":true},"4":{"name":"_classCallCheck","line":9,"loc":{"start":{"line":0,"column":0},"end":{"line":0,"column":0},"skip":true},"skip":true},"5":{"name":"(anonymous_5)","line":13,"loc":{"start":{"line":3,"column":21},"end":{"line":3,"column":21}}},"6":{"name":"HighchartOptions","line":14,"loc":{"start":{"line":4,"column":1},"end":{"line":4,"column":33}}},"7":{"name":"generateDates","line":67,"loc":{"start":{"line":0,"column":0},"end":{"line":0,"column":0},"skip":true},"skip":true},"8":{"name":"(anonymous_8)","line":75,"loc":{"start":{"line":82,"column":13},"end":{"line":82,"column":23}}},"9":{"name":"random","line":87,"loc":{"start":{"line":0,"column":0},"end":{"line":0,"column":0},"skip":true},"skip":true}},"statementMap":{"1":{"start":{"line":0,"column":0},"end":{"line":0,"column":0},"skip":true},"2":{"start":{"line":0,"column":0},"end":{"line":0,"column":0},"skip":true},"3":{"start":{"line":0,"column":0},"end":{"line":0,"column":0},"skip":true},"4":{"start":{"line":0,"column":0},"end":{"line":0,"column":0},"skip":true},"5":{"start":{"line":0,"column":0},"end":{"line":0,"column":0},"skip":true},"6":{"start":{"line":0,"column":0},"end":{"line":0,"column":0},"skip":true},"7":{"start":{"line":0,"column":0},"end":{"line":0,"column":0},"skip":true},"8":{"start":{"line":0,"column":0},"end":{"line":0,"column":0},"skip":true},"9":{"start":{"line":0,"column":0},"end":{"line":0,"column":0},"skip":true},"10":{"start":{"line":0,"column":0},"end":{"line":0,"column":0},"skip":true},"11":{"start":{"line":0,"column":0},"end":{"line":0,"column":0},"skip":true},"12":{"start":{"line":0,"column":0},"end":{"line":0,"column":0},"skip":true},"13":{"start":{"line":0,"column":0},"end":{"line":0,"column":0},"skip":true},"14":{"start":{"line":0,"column":0},"end":{"line":0,"column":0},"skip":true},"15":{"start":{"line":0,"column":0},"end":{"line":0,"column":0},"skip":true},"16":{"start":{"line":0,"column":0},"end":{"line":0,"column":0},"skip":true},"17":{"start":{"line":0,"column":0},"end":{"line":0,"column":0},"skip":true},"18":{"start":{"line":0,"column":0},"end":{"line":0,"column":0},"skip":true},"19":{"start":{"line":0,"column":0},"end":{"line":0,"column":0},"skip":true},"20":{"start":{"line":0,"column":0},"end":{"line":0,"column":0},"skip":true},"21":{"start":{"line":4,"column":1},"end":{"line":4,"column":1}},"22":{"start":{"line":0,"column":0},"end":{"line":0,"column":0},"skip":true},"23":{"start":{"line":5,"column":2},"end":{"line":4,"column":33}},"24":{"start":{"line":9,"column":2},"end":{"line":4,"column":33}},"25":{"start":{"line":13,"column":2},"end":{"line":4,"column":33}},"26":{"start":{"line":17,"column":2},"end":{"line":4,"column":33}},"27":{"start":{"line":21,"column":2},"end":{"line":4,"column":33}},"28":{"start":{"line":36,"column":2},"end":{"line":4,"column":33}},"29":{"start":{"line":0,"column":0},"end":{"line":0,"column":0},"skip":true},"30":{"start":{"line":69,"column":2},"end":{"line":68,"column":35}},"31":{"start":{"line":70,"column":2},"end":{"line":68,"column":35}},"32":{"start":{"line":72,"column":2},"end":{"line":72,"column":2}},"33":{"start":{"line":73,"column":3},"end":{"line":72,"column":42}},"34":{"start":{"line":82,"column":2},"end":{"line":68,"column":35}},"35":{"start":{"line":83,"column":3},"end":{"line":82,"column":23}},"36":{"start":{"line":86,"column":2},"end":{"line":86,"column":2}},"37":{"start":{"line":87,"column":3},"end":{"line":86,"column":42}},"38":{"start":{"line":90,"column":2},"end":{"line":68,"column":35}},"39":{"start":{"line":94,"column":2},"end":{"line":93,"column":18}},"40":{"start":{"line":0,"column":0},"end":{"line":0,"column":0},"skip":true},"41":{"start":{"line":0,"column":0},"end":{"line":0,"column":0},"skip":true}},"branchMap":{"1":{"line":7,"type":"binary-expr","locations":[{"start":{"line":0,"column":0},"end":{"line":0,"column":0},"skip":true},{"start":{"line":0,"column":0},"end":{"line":0,"column":0},"skip":true}]},"2":{"line":7,"type":"if","locations":[{"start":{"line":0,"column":0},"end":{"line":0,"column":0},"skip":true},{"start":{"line":0,"column":0},"end":{"line":0,"column":0},"skip":true}]},"3":{"line":7,"type":"if","locations":[{"start":{"line":0,"column":0},"end":{"line":0,"column":0},"skip":true},{"start":{"line":0,"column":0},"end":{"line":0,"column":0},"skip":true}]},"4":{"line":7,"type":"if","locations":[{"start":{"line":0,"column":0},"end":{"line":0,"column":0},"skip":true},{"start":{"line":0,"column":0},"end":{"line":0,"column":0},"skip":true}]},"5":{"line":9,"type":"if","locations":[{"start":{"line":0,"column":0},"end":{"line":0,"column":0},"skip":true},{"start":{"line":0,"column":0},"end":{"line":0,"column":0},"skip":true}]}},"code":["/*global Math*/","","export default class HighchartOptions {","\tconstructor(startDate, endDate) {","\t\tthis.chart = {","\t\t\ttype: 'area'","\t\t};","","\t\tthis.credits = {","\t\t\ttext: 'IQOption'","\t\t};","","\t\tthis.title = {","\t\t\ttext: 'Russia and Turkey economic relations.'","\t\t};","","\t\tthis.xAxis = {","\t\t\ttype: 'datetime'","\t\t};","","\t\tthis.plotOptions = {","\t\t\tarea: {","\t\t\t\tmarker: {","\t\t\t\t\tenabled: false,","\t\t\t\t\tsymbol: 'circle',","\t\t\t\t\tradius: 2,","\t\t\t\t\tstates: {","\t\t\t\t\t\thover: {","\t\t\t\t\t\t\tenabled: true","\t\t\t\t\t\t}","\t\t\t\t\t}","\t\t\t\t}","\t\t\t}","\t\t};","","\t\tthis.series = [","\t\t\t{","\t\t\t\tname: 'Russia',","\t\t\t\tdata: this.generateDates([null, null, null, null, null, 6, 11, 32, 110, 235, 369, 640,","\t\t\t\t\t1005, 1436, 2063, 3057, 4618, 6444, 9822, 15468, 20434, 24126,","\t\t\t\t\t27387, 29459, 31056, 31982, 32040, 31233, 29224, 27342, 26662,","\t\t\t\t\t26956, 27912, 28999, 28965, 27826, 25579, 25722, 24826, 24605,","\t\t\t\t\t24304, 23464, 23708, 24099, 24357, 24237, 24401, 24344, 23586,","\t\t\t\t\t22380, 21004, 17287, 14747, 13076, 12555, 12144, 11009, 10950,","\t\t\t\t\t10871, 10824, 10577, 10527, 10475, 10421, 10358, 10295, 10104","\t\t\t\t], startDate, endDate),","\t\t\t\tcolor: '#FFEEA4'","\t\t\t},","\t\t\t{","\t\t\t\tname: 'Turkey',","\t\t\t\tdata: this.generateDates([null, null, null, null, null, null, null, null, null, null,","\t\t\t\t\t5, 25, 50, 120, 150, 200, 426, 660, 869, 1060, 1605, 2471, 3322,","\t\t\t\t\t4238, 5221, 6129, 7089, 8339, 9399, 10538, 11643, 13092, 14478,","\t\t\t\t\t15915, 17385, 19055, 21205, 23044, 25393, 25000, 30062, 32049,","\t\t\t\t\t33952, 35804, 37431, 39197, 43000, 43000, 41000, 39000, 37000,","\t\t\t\t\t35000, 33000, 31000, 29000, 27000, 25000, 24000, 23000, 22000,","\t\t\t\t\t21000, 20000, 19000, 18000, 18000, 17000, 16000","\t\t\t\t], startDate, endDate),","\t\t\t\tcolor: '#FFAC11',","\t\t\t\tfillOpacity: 0.3","\t\t\t}","\t\t];","\t}","","\t/*","\t * returns an array of [[Date, number][][]...]","\t */","\tgenerateDates(points, begin, end) {","\t\tconst dates = [];","\t\tconst results = [];","","\t\tfor (let i = 0; i < points.length; i++) {","\t\t\tdates.push([","\t\t\t\tDate.UTC(","\t\t\t\t\tthis.random(begin.getFullYear(), end.getFullYear()),","\t\t\t\t\tthis.random(begin.getMonth(), end.getMonth()),","\t\t\t\t\tthis.random(begin.getDay(), end.getDay())","\t\t\t\t)","\t\t\t]);","\t\t}","","\t\tdates.sort((a, b) => {","\t\t\treturn a - b;","\t\t});","","\t\tfor (let i = 0; i < points.length; i++) {","\t\t\tresults.push([dates[i][0], points[i]]);","\t\t}","","\t\treturn results;","\t}","","\trandom(min, max) {","\t\treturn Math.random() * (max - min) + min;","\t}","}",""],"l":{"0":3,"4":1,"5":3,"9":3,"13":3,"17":3,"21":3,"36":3,"69":7,"70":7,"72":7,"73":402,"82":7,"83":1110,"86":7,"87":402,"90":7,"94":1207}}}
