{
"/Users/jgluhov/Development/AngularJS-es6/src/features/home/index.js":{"path":"/Users/jgluhov/Development/AngularJS-es6/src/features/home/index.js","s":{"1":1,"2":1,"3":1,"4":1,"5":1,"6":1,"7":1,"8":1,"9":1,"10":1,"11":1,"12":1,"13":1,"14":1,"15":1,"16":6,"17":1},"b":{"1":[4,2],"2":[6,6]},"f":{"1":6},"fnMap":{"1":{"name":"_interopRequireDefault","line":33,"loc":{"start":{"line":0,"column":0},"end":{"line":0,"column":0},"skip":true},"skip":true}},"statementMap":{"1":{"start":{"line":0,"column":0},"end":{"line":0,"column":0},"skip":true},"2":{"start":{"line":0,"column":0},"end":{"line":0,"column":0},"skip":true},"3":{"start":{"line":0,"column":0},"end":{"line":0,"column":0},"skip":true},"4":{"start":{"line":0,"column":0},"end":{"line":0,"column":0},"skip":true},"5":{"start":{"line":0,"column":0},"end":{"line":0,"column":0},"skip":true},"6":{"start":{"line":0,"column":0},"end":{"line":0,"column":0},"skip":true},"7":{"start":{"line":0,"column":0},"end":{"line":0,"column":0},"skip":true},"8":{"start":{"line":0,"column":0},"end":{"line":0,"column":0},"skip":true},"9":{"start":{"line":0,"column":0},"end":{"line":0,"column":0},"skip":true},"10":{"start":{"line":0,"column":0},"end":{"line":0,"column":0},"skip":true},"11":{"start":{"line":0,"column":0},"end":{"line":0,"column":0},"skip":true},"12":{"start":{"line":0,"column":0},"end":{"line":0,"column":0},"skip":true},"13":{"start":{"line":0,"column":0},"end":{"line":0,"column":0},"skip":true},"14":{"start":{"line":0,"column":0},"end":{"line":0,"column":0},"skip":true},"15":{"start":{"line":0,"column":0},"end":{"line":0,"column":0},"skip":true},"16":{"start":{"line":0,"column":0},"end":{"line":0,"column":0},"skip":true},"17":{"start":{"line":0,"column":0},"end":{"line":0,"column":0},"skip":true}},"branchMap":{"1":{"line":33,"type":"cond-expr","locations":[{"start":{"line":0,"column":0},"end":{"line":0,"column":0},"skip":true},{"start":{"line":0,"column":0},"end":{"line":0,"column":0},"skip":true}]},"2":{"line":33,"type":"binary-expr","locations":[{"start":{"line":0,"column":0},"end":{"line":0,"column":0},"skip":true},{"start":{"line":0,"column":0},"end":{"line":0,"column":0},"skip":true}]}},"code":["/**"," * Created by jgluhov on 29/01/16."," */","import './home.styl';","","import angular from 'angular';","import uirouter from 'angular-ui-router';","","import config from './home.config';","import HomeController from './home.controller';","import randomNames from '../../services/random-names';","import greeting from '../../directives/greeting';","","export default angular.module('app.home', [uirouter, randomNames, greeting])","  .config(config)","  .controller('HomeController', HomeController)","  .name;",""],"l":{"0":6}},
"/Users/jgluhov/Development/AngularJS-es6/src/features/home/home.config.js":{"path":"/Users/jgluhov/Development/AngularJS-es6/src/features/home/home.config.js","s":{"1":1,"2":1,"3":1,"4":1,"5":1},"b":{},"f":{"1":1},"fnMap":{"1":{"name":"routes","line":11,"loc":{"start":{"line":5,"column":15},"end":{"line":5,"column":47}}}},"statementMap":{"1":{"start":{"line":0,"column":0},"end":{"line":0,"column":0},"skip":true},"2":{"start":{"line":0,"column":0},"end":{"line":0,"column":0},"skip":true},"3":{"start":{"line":5,"column":15},"end":{"line":5,"column":15}},"4":{"start":{"line":6,"column":2},"end":{"line":5,"column":47}},"5":{"start":{"line":15,"column":0},"end":{"line":15,"column":0}}},"branchMap":{},"code":["/**"," * Created by jgluhov on 29/01/16."," */","","export default function routes($stateProvider) {","  $stateProvider","    .state('home', {","      url: '/',","      template: require('./home.jade')(),","      controller: 'HomeController',","      controllerAs: 'home'","    });","}","","routes.$inject = ['$stateProvider'];",""],"l":{"0":1,"5":1,"6":1,"15":1}},
"/Users/jgluhov/Development/AngularJS-es6/src/features/home/home.controller.js":{"path":"/Users/jgluhov/Development/AngularJS-es6/src/features/home/home.controller.js","s":{"1":1,"2":1,"3":1,"4":2,"5":2,"6":2,"7":2,"8":2,"9":2,"10":1,"11":1,"12":1,"13":1,"14":0,"15":1,"16":1,"17":1,"18":1,"19":0,"20":1,"21":1,"22":1,"23":1,"24":1,"25":1,"26":0,"27":0,"28":1,"29":1,"30":1},"b":{"1":[2,2],"2":[2,0],"3":[1,0],"4":[0,1],"5":[0,1]},"f":{"1":1,"2":1,"3":1,"4":1,"5":1,"6":1,"7":0,"8":0},"fnMap":{"1":{"name":"(anonymous_1)","line":3,"loc":{"start":{"line":0,"column":0},"end":{"line":0,"column":0},"skip":true},"skip":true},"2":{"name":"defineProperties","line":3,"loc":{"start":{"line":0,"column":0},"end":{"line":0,"column":0},"skip":true},"skip":true},"3":{"name":"(anonymous_3)","line":3,"loc":{"start":{"line":0,"column":0},"end":{"line":0,"column":0},"skip":true},"skip":true},"4":{"name":"_classCallCheck","line":9,"loc":{"start":{"line":0,"column":0},"end":{"line":0,"column":0},"skip":true},"skip":true},"5":{"name":"(anonymous_5)","line":15,"loc":{"start":{"line":5,"column":21},"end":{"line":5,"column":21}}},"6":{"name":"HomeController","line":16,"loc":{"start":{"line":6,"column":2},"end":{"line":6,"column":27}}},"7":{"name":"changeName","line":25,"loc":{"start":{"line":0,"column":0},"end":{"line":0,"column":0},"skip":true},"skip":true},"8":{"name":"randomName","line":30,"loc":{"start":{"line":0,"column":0},"end":{"line":0,"column":0},"skip":true},"skip":true}},"statementMap":{"1":{"start":{"line":0,"column":0},"end":{"line":0,"column":0},"skip":true},"2":{"start":{"line":0,"column":0},"end":{"line":0,"column":0},"skip":true},"3":{"start":{"line":0,"column":0},"end":{"line":0,"column":0},"skip":true},"4":{"start":{"line":0,"column":0},"end":{"line":0,"column":0},"skip":true},"5":{"start":{"line":0,"column":0},"end":{"line":0,"column":0},"skip":true},"6":{"start":{"line":0,"column":0},"end":{"line":0,"column":0},"skip":true},"7":{"start":{"line":0,"column":0},"end":{"line":0,"column":0},"skip":true},"8":{"start":{"line":0,"column":0},"end":{"line":0,"column":0},"skip":true},"9":{"start":{"line":0,"column":0},"end":{"line":0,"column":0},"skip":true},"10":{"start":{"line":0,"column":0},"end":{"line":0,"column":0},"skip":true},"11":{"start":{"line":0,"column":0},"end":{"line":0,"column":0},"skip":true},"12":{"start":{"line":0,"column":0},"end":{"line":0,"column":0},"skip":true},"13":{"start":{"line":0,"column":0},"end":{"line":0,"column":0},"skip":true},"14":{"start":{"line":0,"column":0},"end":{"line":0,"column":0},"skip":true},"15":{"start":{"line":0,"column":0},"end":{"line":0,"column":0},"skip":true},"16":{"start":{"line":0,"column":0},"end":{"line":0,"column":0},"skip":true},"17":{"start":{"line":0,"column":0},"end":{"line":0,"column":0},"skip":true},"18":{"start":{"line":0,"column":0},"end":{"line":0,"column":0},"skip":true},"19":{"start":{"line":0,"column":0},"end":{"line":0,"column":0},"skip":true},"20":{"start":{"line":0,"column":0},"end":{"line":0,"column":0},"skip":true},"21":{"start":{"line":6,"column":2},"end":{"line":6,"column":2}},"22":{"start":{"line":0,"column":0},"end":{"line":0,"column":0},"skip":true},"23":{"start":{"line":7,"column":4},"end":{"line":6,"column":27}},"24":{"start":{"line":8,"column":4},"end":{"line":6,"column":27}},"25":{"start":{"line":0,"column":0},"end":{"line":0,"column":0},"skip":true},"26":{"start":{"line":12,"column":4},"end":{"line":11,"column":15}},"27":{"start":{"line":16,"column":4},"end":{"line":15,"column":15}},"28":{"start":{"line":0,"column":0},"end":{"line":0,"column":0},"skip":true},"29":{"start":{"line":0,"column":0},"end":{"line":0,"column":0},"skip":true},"30":{"start":{"line":20,"column":0},"end":{"line":20,"column":0}}},"branchMap":{"1":{"line":3,"type":"binary-expr","locations":[{"start":{"line":0,"column":0},"end":{"line":0,"column":0},"skip":true},{"start":{"line":0,"column":0},"end":{"line":0,"column":0},"skip":true}]},"2":{"line":3,"type":"if","locations":[{"start":{"line":0,"column":0},"end":{"line":0,"column":0},"skip":true},{"start":{"line":0,"column":0},"end":{"line":0,"column":0},"skip":true}]},"3":{"line":3,"type":"if","locations":[{"start":{"line":0,"column":0},"end":{"line":0,"column":0},"skip":true},{"start":{"line":0,"column":0},"end":{"line":0,"column":0},"skip":true}]},"4":{"line":3,"type":"if","locations":[{"start":{"line":0,"column":0},"end":{"line":0,"column":0},"skip":true},{"start":{"line":0,"column":0},"end":{"line":0,"column":0},"skip":true}]},"5":{"line":9,"type":"if","locations":[{"start":{"line":0,"column":0},"end":{"line":0,"column":0},"skip":true},{"start":{"line":0,"column":0},"end":{"line":0,"column":0},"skip":true}]}},"code":["/**"," * Created by jgluhov on 29/01/16."," */","","export default class HomeController {","  constructor(randomNames) {","    this.random = randomNames;","    this.name = 'World';","  }","","  changeName() {","    this.name = 'JGluhov is the best programmer all over the world!';","  }","","  randomName() {","    this.name = this.random.getName();","  }","}","","HomeController.$inject = ['randomNames'];",""],"l":{"0":2,"6":1,"7":1,"8":1,"12":0,"16":0,"20":1}},
"/Users/jgluhov/Development/AngularJS-es6/src/services/random-names/index.js":{"path":"/Users/jgluhov/Development/AngularJS-es6/src/services/random-names/index.js","s":{"1":1,"2":1,"3":1,"4":1,"5":1,"6":1,"7":2,"8":1},"b":{"1":[1,1],"2":[2,2]},"f":{"1":2},"fnMap":{"1":{"name":"_interopRequireDefault","line":15,"loc":{"start":{"line":0,"column":0},"end":{"line":0,"column":0},"skip":true},"skip":true}},"statementMap":{"1":{"start":{"line":0,"column":0},"end":{"line":0,"column":0},"skip":true},"2":{"start":{"line":0,"column":0},"end":{"line":0,"column":0},"skip":true},"3":{"start":{"line":0,"column":0},"end":{"line":0,"column":0},"skip":true},"4":{"start":{"line":0,"column":0},"end":{"line":0,"column":0},"skip":true},"5":{"start":{"line":0,"column":0},"end":{"line":0,"column":0},"skip":true},"6":{"start":{"line":0,"column":0},"end":{"line":0,"column":0},"skip":true},"7":{"start":{"line":0,"column":0},"end":{"line":0,"column":0},"skip":true},"8":{"start":{"line":0,"column":0},"end":{"line":0,"column":0},"skip":true}},"branchMap":{"1":{"line":15,"type":"cond-expr","locations":[{"start":{"line":0,"column":0},"end":{"line":0,"column":0},"skip":true},{"start":{"line":0,"column":0},"end":{"line":0,"column":0},"skip":true}]},"2":{"line":15,"type":"binary-expr","locations":[{"start":{"line":0,"column":0},"end":{"line":0,"column":0},"skip":true},{"start":{"line":0,"column":0},"end":{"line":0,"column":0},"skip":true}]}},"code":["/**"," * Created by jgluhov on 29/01/16."," */","import angular from 'angular';","","import randomNames from './random-names.service';","","export default angular.module('services.random-names', [])","  .service('randomNames', randomNames)","  .name;",""],"l":{"0":2}},
"/Users/jgluhov/Development/AngularJS-es6/src/services/random-names/random-names.service.js":{"path":"/Users/jgluhov/Development/AngularJS-es6/src/services/random-names/random-names.service.js","s":{"1":1,"2":1,"3":1,"4":1,"5":1,"6":1,"7":1,"8":1,"9":1,"10":1,"11":1,"12":1,"13":1,"14":0,"15":1,"16":1,"17":1,"18":1,"19":0,"20":1,"21":1,"22":1,"23":1,"24":1,"25":0,"26":0,"27":0,"28":1,"29":1},"b":{"1":[1,1],"2":[1,0],"3":[1,0],"4":[0,1],"5":[0,1]},"f":{"1":1,"2":1,"3":1,"4":1,"5":1,"6":1,"7":0},"fnMap":{"1":{"name":"(anonymous_1)","line":3,"loc":{"start":{"line":0,"column":0},"end":{"line":0,"column":0},"skip":true},"skip":true},"2":{"name":"defineProperties","line":3,"loc":{"start":{"line":0,"column":0},"end":{"line":0,"column":0},"skip":true},"skip":true},"3":{"name":"(anonymous_3)","line":3,"loc":{"start":{"line":0,"column":0},"end":{"line":0,"column":0},"skip":true},"skip":true},"4":{"name":"_classCallCheck","line":9,"loc":{"start":{"line":0,"column":0},"end":{"line":0,"column":0},"skip":true},"skip":true},"5":{"name":"(anonymous_5)","line":15,"loc":{"start":{"line":4,"column":21},"end":{"line":4,"column":21}}},"6":{"name":"RandomNames","line":16,"loc":{"start":{"line":5,"column":2},"end":{"line":5,"column":16}}},"7":{"name":"getName","line":24,"loc":{"start":{"line":0,"column":0},"end":{"line":0,"column":0},"skip":true},"skip":true}},"statementMap":{"1":{"start":{"line":0,"column":0},"end":{"line":0,"column":0},"skip":true},"2":{"start":{"line":0,"column":0},"end":{"line":0,"column":0},"skip":true},"3":{"start":{"line":0,"column":0},"end":{"line":0,"column":0},"skip":true},"4":{"start":{"line":0,"column":0},"end":{"line":0,"column":0},"skip":true},"5":{"start":{"line":0,"column":0},"end":{"line":0,"column":0},"skip":true},"6":{"start":{"line":0,"column":0},"end":{"line":0,"column":0},"skip":true},"7":{"start":{"line":0,"column":0},"end":{"line":0,"column":0},"skip":true},"8":{"start":{"line":0,"column":0},"end":{"line":0,"column":0},"skip":true},"9":{"start":{"line":0,"column":0},"end":{"line":0,"column":0},"skip":true},"10":{"start":{"line":0,"column":0},"end":{"line":0,"column":0},"skip":true},"11":{"start":{"line":0,"column":0},"end":{"line":0,"column":0},"skip":true},"12":{"start":{"line":0,"column":0},"end":{"line":0,"column":0},"skip":true},"13":{"start":{"line":0,"column":0},"end":{"line":0,"column":0},"skip":true},"14":{"start":{"line":0,"column":0},"end":{"line":0,"column":0},"skip":true},"15":{"start":{"line":0,"column":0},"end":{"line":0,"column":0},"skip":true},"16":{"start":{"line":0,"column":0},"end":{"line":0,"column":0},"skip":true},"17":{"start":{"line":0,"column":0},"end":{"line":0,"column":0},"skip":true},"18":{"start":{"line":0,"column":0},"end":{"line":0,"column":0},"skip":true},"19":{"start":{"line":0,"column":0},"end":{"line":0,"column":0},"skip":true},"20":{"start":{"line":0,"column":0},"end":{"line":0,"column":0},"skip":true},"21":{"start":{"line":5,"column":2},"end":{"line":5,"column":2}},"22":{"start":{"line":0,"column":0},"end":{"line":0,"column":0},"skip":true},"23":{"start":{"line":6,"column":4},"end":{"line":5,"column":16}},"24":{"start":{"line":0,"column":0},"end":{"line":0,"column":0},"skip":true},"25":{"start":{"line":10,"column":4},"end":{"line":9,"column":12}},"26":{"start":{"line":11,"column":4},"end":{"line":9,"column":12}},"27":{"start":{"line":12,"column":4},"end":{"line":9,"column":12}},"28":{"start":{"line":0,"column":0},"end":{"line":0,"column":0},"skip":true},"29":{"start":{"line":0,"column":0},"end":{"line":0,"column":0},"skip":true}},"branchMap":{"1":{"line":3,"type":"binary-expr","locations":[{"start":{"line":0,"column":0},"end":{"line":0,"column":0},"skip":true},{"start":{"line":0,"column":0},"end":{"line":0,"column":0},"skip":true}]},"2":{"line":3,"type":"if","locations":[{"start":{"line":0,"column":0},"end":{"line":0,"column":0},"skip":true},{"start":{"line":0,"column":0},"end":{"line":0,"column":0},"skip":true}]},"3":{"line":3,"type":"if","locations":[{"start":{"line":0,"column":0},"end":{"line":0,"column":0},"skip":true},{"start":{"line":0,"column":0},"end":{"line":0,"column":0},"skip":true}]},"4":{"line":3,"type":"if","locations":[{"start":{"line":0,"column":0},"end":{"line":0,"column":0},"skip":true},{"start":{"line":0,"column":0},"end":{"line":0,"column":0},"skip":true}]},"5":{"line":9,"type":"if","locations":[{"start":{"line":0,"column":0},"end":{"line":0,"column":0},"skip":true},{"start":{"line":0,"column":0},"end":{"line":0,"column":0},"skip":true}]}},"code":["/**"," * Created by jgluhov on 29/01/16."," */","export default class RandomNames {","  constructor() {","    this.names = ['John', 'Elisa', 'Mark', 'Annie'];","  }","","  getName() {","    const totalNames = this.names.length;","    const randomIndex = Math.floor(Math.random() * totalNames);","    return this.names[randomIndex];","  }","}","","",""],"l":{"0":1,"5":1,"6":1,"10":0,"11":0,"12":0}},
"/Users/jgluhov/Development/AngularJS-es6/src/directives/greeting/index.js":{"path":"/Users/jgluhov/Development/AngularJS-es6/src/directives/greeting/index.js","s":{"1":1,"2":1,"3":1,"4":1,"5":1,"6":1,"7":2,"8":1},"b":{"1":[1,1],"2":[2,2]},"f":{"1":2},"fnMap":{"1":{"name":"_interopRequireDefault","line":15,"loc":{"start":{"line":0,"column":0},"end":{"line":0,"column":0},"skip":true},"skip":true}},"statementMap":{"1":{"start":{"line":0,"column":0},"end":{"line":0,"column":0},"skip":true},"2":{"start":{"line":0,"column":0},"end":{"line":0,"column":0},"skip":true},"3":{"start":{"line":0,"column":0},"end":{"line":0,"column":0},"skip":true},"4":{"start":{"line":0,"column":0},"end":{"line":0,"column":0},"skip":true},"5":{"start":{"line":0,"column":0},"end":{"line":0,"column":0},"skip":true},"6":{"start":{"line":0,"column":0},"end":{"line":0,"column":0},"skip":true},"7":{"start":{"line":0,"column":0},"end":{"line":0,"column":0},"skip":true},"8":{"start":{"line":0,"column":0},"end":{"line":0,"column":0},"skip":true}},"branchMap":{"1":{"line":15,"type":"cond-expr","locations":[{"start":{"line":0,"column":0},"end":{"line":0,"column":0},"skip":true},{"start":{"line":0,"column":0},"end":{"line":0,"column":0},"skip":true}]},"2":{"line":15,"type":"binary-expr","locations":[{"start":{"line":0,"column":0},"end":{"line":0,"column":0},"skip":true},{"start":{"line":0,"column":0},"end":{"line":0,"column":0},"skip":true}]}},"code":["/**"," * Created by jgluhov on 29/01/16."," */","import angular from 'angular';","","import greeting from './greeting.directive';","","export default angular.module('directives.greeting', [])","  .directive('greeting', greeting)","  .name;",""],"l":{"0":2}},
"/Users/jgluhov/Development/AngularJS-es6/src/directives/greeting/greeting.directive.js":{"path":"/Users/jgluhov/Development/AngularJS-es6/src/directives/greeting/greeting.directive.js","s":{"1":1,"2":1,"3":1,"4":1,"5":0},"b":{},"f":{"1":0,"2":0},"fnMap":{"1":{"name":"greeting","line":15,"loc":{"start":{"line":9,"column":15},"end":{"line":9,"column":35}}},"2":{"name":"link","line":17,"loc":{"start":{"line":11,"column":2},"end":{"line":11,"column":18}}}},"statementMap":{"1":{"start":{"line":0,"column":0},"end":{"line":0,"column":0},"skip":true},"2":{"start":{"line":0,"column":0},"end":{"line":0,"column":0},"skip":true},"3":{"start":{"line":9,"column":15},"end":{"line":9,"column":15}},"4":{"start":{"line":11,"column":2},"end":{"line":11,"column":2}},"5":{"start":{"line":15,"column":2},"end":{"line":9,"column":35}}},"branchMap":{},"code":["/**"," * Created by jgluhov on 29/01/16."," */","","/**"," * @returns {{restrict: string, link: link, scope: {name: string}, template: string}}"," */","","export default function greeting() {","","  function link() {","","  }","","  return {","    restrict: 'E',","    link,","    scope: {","      name: '='","    },","    template: require('./greeting.jade')()","  };","}",""],"l":{"0":1,"9":1,"11":1,"15":0}}}
