TN:
SF:/Users/jgluhov/Development/IQOption/src/directives/daterangepicker/index.js
FN:15,_interopRequireDefault
FNF:1
FNH:1
FNDA:2,_interopRequireDefault
DA:0,2
LF:1
LH:1
BRDA:15,1,0,1
BRDA:15,1,1,1
BRDA:15,2,0,2
BRDA:15,2,1,2
BRF:4
BRH:4
end_of_record
TN:
SF:/Users/jgluhov/Development/IQOption/src/directives/daterangepicker/daterangepicker.directive.js
FN:13,daterangepicker
FN:15,link
FN:21,(anonymous_3)
FNF:3
FNH:2
FNDA:1,daterangepicker
FNDA:1,link
FNDA:0,(anonymous_3)
DA:0,1
DA:6,1
DA:8,1
DA:9,1
DA:10,1
DA:14,1
DA:15,0
DA:16,0
DA:18,0
DA:20,0
DA:24,1
LF:11
LH:7
BRF:0
BRH:0
end_of_record
TN:
SF:/Users/jgluhov/Development/IQOption/src/directives/highchart/highchart.options.js
FN:7,(anonymous_1)
FN:7,defineProperties
FN:7,(anonymous_3)
FN:9,_classCallCheck
FN:13,(anonymous_5)
FN:14,HighchartOptions
FN:67,generateDates
FN:75,(anonymous_8)
FN:87,random
FNF:9
FNH:9
FNDA:1,(anonymous_1)
FNDA:1,defineProperties
FNDA:1,(anonymous_3)
FNDA:3,_classCallCheck
FNDA:1,(anonymous_5)
FNDA:3,HighchartOptions
FNDA:7,generateDates
FNDA:1110,(anonymous_8)
FNDA:1207,random
DA:0,3
DA:4,1
DA:5,3
DA:9,3
DA:13,3
DA:17,3
DA:21,3
DA:36,3
DA:69,7
DA:70,7
DA:72,7
DA:73,402
DA:82,7
DA:83,1110
DA:86,7
DA:87,402
DA:90,7
DA:94,1207
LF:18
LH:18
BRDA:7,1,0,2
BRDA:7,1,1,2
BRDA:7,2,0,2
BRDA:7,2,1,0
BRDA:7,3,0,1
BRDA:7,3,1,0
BRDA:7,4,0,0
BRDA:7,4,1,1
BRDA:9,5,0,0
BRDA:9,5,1,3
BRF:10
BRH:10
end_of_record
