TN:
SF:/Users/jgluhov/Development/AngularJS-es6/src/features/home/index.js
FN:33,_interopRequireDefault
FNF:1
FNH:1
FNDA:6,_interopRequireDefault
DA:0,6
LF:1
LH:1
BRDA:33,1,0,4
BRDA:33,1,1,2
BRDA:33,2,0,6
BRDA:33,2,1,6
BRF:4
BRH:4
end_of_record
TN:
SF:/Users/jgluhov/Development/AngularJS-es6/src/features/home/home.config.js
FN:11,routes
FNF:1
FNH:1
FNDA:1,routes
DA:0,1
DA:5,1
DA:6,1
DA:15,1
LF:4
LH:4
BRF:0
BRH:0
end_of_record
TN:
SF:/Users/jgluhov/Development/AngularJS-es6/src/features/home/home.controller.js
FN:3,(anonymous_1)
FN:3,defineProperties
FN:3,(anonymous_3)
FN:9,_classCallCheck
FN:15,(anonymous_5)
FN:16,HomeController
FN:25,changeName
FN:30,randomName
FNF:8
FNH:8
FNDA:1,(anonymous_1)
FNDA:1,defineProperties
FNDA:1,(anonymous_3)
FNDA:1,_classCallCheck
FNDA:1,(anonymous_5)
FNDA:1,HomeController
FNDA:0,changeName
FNDA:0,randomName
DA:0,2
DA:6,1
DA:7,1
DA:8,1
DA:12,0
DA:16,0
DA:20,1
LF:7
LH:5
BRDA:3,1,0,2
BRDA:3,1,1,2
BRDA:3,2,0,2
BRDA:3,2,1,0
BRDA:3,3,0,1
BRDA:3,3,1,0
BRDA:3,4,0,0
BRDA:3,4,1,1
BRDA:9,5,0,0
BRDA:9,5,1,1
BRF:10
BRH:10
end_of_record
TN:
SF:/Users/jgluhov/Development/AngularJS-es6/src/services/random-names/index.js
FN:15,_interopRequireDefault
FNF:1
FNH:1
FNDA:2,_interopRequireDefault
DA:0,2
LF:1
LH:1
BRDA:15,1,0,1
BRDA:15,1,1,1
BRDA:15,2,0,2
BRDA:15,2,1,2
BRF:4
BRH:4
end_of_record
TN:
SF:/Users/jgluhov/Development/AngularJS-es6/src/services/random-names/random-names.service.js
FN:3,(anonymous_1)
FN:3,defineProperties
FN:3,(anonymous_3)
FN:9,_classCallCheck
FN:15,(anonymous_5)
FN:16,RandomNames
FN:24,getName
FNF:7
FNH:7
FNDA:1,(anonymous_1)
FNDA:1,defineProperties
FNDA:1,(anonymous_3)
FNDA:1,_classCallCheck
FNDA:1,(anonymous_5)
FNDA:1,RandomNames
FNDA:0,getName
DA:0,1
DA:5,1
DA:6,1
DA:10,0
DA:11,0
DA:12,0
LF:6
LH:3
BRDA:3,1,0,1
BRDA:3,1,1,1
BRDA:3,2,0,1
BRDA:3,2,1,0
BRDA:3,3,0,1
BRDA:3,3,1,0
BRDA:3,4,0,0
BRDA:3,4,1,1
BRDA:9,5,0,0
BRDA:9,5,1,1
BRF:10
BRH:10
end_of_record
TN:
SF:/Users/jgluhov/Development/AngularJS-es6/src/directives/greeting/index.js
FN:15,_interopRequireDefault
FNF:1
FNH:1
FNDA:2,_interopRequireDefault
DA:0,2
LF:1
LH:1
BRDA:15,1,0,1
BRDA:15,1,1,1
BRDA:15,2,0,2
BRDA:15,2,1,2
BRF:4
BRH:4
end_of_record
TN:
SF:/Users/jgluhov/Development/AngularJS-es6/src/directives/greeting/greeting.directive.js
FN:15,greeting
FN:17,link
FNF:2
FNH:0
FNDA:0,greeting
FNDA:0,link
DA:0,1
DA:9,1
DA:11,1
DA:15,0
LF:4
LH:3
BRF:0
BRH:0
end_of_record
